<?xml version="1.0" encoding="UTF-8"?>
<!-- Generated by org.testng.reporters.JUnitReportReporter -->
<testsuite hostname="LAPTOP-0CK8P0K7" failures="0" tests="1" name="test_Scripts.Meesho_Project" time="29.585" errors="0" timestamp="2022-11-30T20:44:05 IST" skipped="0">
  <testcase classname="test_Scripts.Meesho_Project" name="test" time="29.585"/>
  <system-out/>
</testsuite> <!-- test_Scripts.Meesho_Project -->
